  [1m[36m (3.3ms)[0m  [1mCREATE TABLE "schema_migrations" ("version" varchar NOT NULL) [0m
  [1m[35m (3.2ms)[0m  select sqlite_version(*)
  [1m[36m (3.5ms)[0m  [1mCREATE UNIQUE INDEX "unique_schema_migrations" ON "schema_migrations" ("version")[0m
  [1m[35mActiveRecord::SchemaMigration Load (0.2ms)[0m  SELECT "schema_migrations".* FROM "schema_migrations"
  [1m[36mActiveRecord::SchemaMigration Load (0.1ms)[0m  [1mSELECT "schema_migrations".* FROM "schema_migrations"[0m
Migrating to CreateArticles (20160306145113)
  [1m[35m (0.1ms)[0m  begin transaction
  [1m[36m (0.8ms)[0m  [1mCREATE TABLE "articles" ("id" INTEGER PRIMARY KEY AUTOINCREMENT NOT NULL, "title" varchar, "body" text, "created_at" datetime NOT NULL, "updated_at" datetime NOT NULL) [0m
  [1m[35mSQL (0.3ms)[0m  INSERT INTO "schema_migrations" ("version") VALUES (?)  [["version", "20160306145113"]]
  [1m[36m (2.9ms)[0m  [1mcommit transaction[0m
  [1m[35mActiveRecord::SchemaMigration Load (0.5ms)[0m  SELECT "schema_migrations".* FROM "schema_migrations"
  [1m[36mActiveRecord::SchemaMigration Load (2.2ms)[0m  [1mSELECT "schema_migrations".* FROM "schema_migrations"[0m
  [1m[35m (0.1ms)[0m  begin transaction
  [1m[36mSQL (2.9ms)[0m  [1mINSERT INTO "articles" ("title", "body", "created_at", "updated_at") VALUES (?, ?, ?, ?)[0m  [["title", "Article #0"], ["body", "This is a sample article."], ["created_at", "2016-03-06 14:54:15.716118"], ["updated_at", "2016-03-06 14:54:15.716118"]]
  [1m[35m (2.8ms)[0m  commit transaction
  [1m[36m (0.1ms)[0m  [1mbegin transaction[0m
  [1m[35mSQL (0.4ms)[0m  INSERT INTO "articles" ("title", "body", "created_at", "updated_at") VALUES (?, ?, ?, ?)  [["title", "Article #1"], ["body", "This is a sample article."], ["created_at", "2016-03-06 14:54:15.731211"], ["updated_at", "2016-03-06 14:54:15.731211"]]
  [1m[36m (2.7ms)[0m  [1mcommit transaction[0m
  [1m[35m (0.1ms)[0m  begin transaction
  [1m[36mSQL (0.5ms)[0m  [1mINSERT INTO "articles" ("title", "body", "created_at", "updated_at") VALUES (?, ?, ?, ?)[0m  [["title", "Article #2"], ["body", "This is a sample article."], ["created_at", "2016-03-06 14:54:15.736522"], ["updated_at", "2016-03-06 14:54:15.736522"]]
  [1m[35m (2.7ms)[0m  commit transaction
  [1m[36m (0.1ms)[0m  [1mbegin transaction[0m
  [1m[35mSQL (0.4ms)[0m  INSERT INTO "articles" ("title", "body", "created_at", "updated_at") VALUES (?, ?, ?, ?)  [["title", "Article #3"], ["body", "This is a sample article."], ["created_at", "2016-03-06 14:54:15.742593"], ["updated_at", "2016-03-06 14:54:15.742593"]]
  [1m[36m (3.0ms)[0m  [1mcommit transaction[0m
  [1m[35m (0.1ms)[0m  begin transaction
  [1m[36mSQL (0.3ms)[0m  [1mINSERT INTO "articles" ("title", "body", "created_at", "updated_at") VALUES (?, ?, ?, ?)[0m  [["title", "Article #4"], ["body", "This is a sample article."], ["created_at", "2016-03-06 14:54:15.747853"], ["updated_at", "2016-03-06 14:54:15.747853"]]
  [1m[35m (2.7ms)[0m  commit transaction


Started GET "/" for ::1 at 2016-03-06 09:56:34 -0500
  [1m[36mActiveRecord::SchemaMigration Load (2.3ms)[0m  [1mSELECT "schema_migrations".* FROM "schema_migrations"[0m
Processing by Rails::WelcomeController#index as HTML
  Rendered /Users/danielweiner/.rvm/gems/ruby-2.2.1/gems/railties-4.2.1/lib/rails/templates/rails/welcome/index.html.erb (4.8ms)
Completed 200 OK in 51ms (Views: 37.6ms | ActiveRecord: 0.0ms)


Started GET "/articles" for ::1 at 2016-03-06 09:56:39 -0500
Processing by ArticlesController#index as HTML
  Rendered articles/index.html.erb within layouts/application (10.9ms)
Completed 500 Internal Server Error in 23ms (ActiveRecord: 0.0ms)

ActionView::Template::Error (undefined method `each' for nil:NilClass):
    1: <h1>Articles</h1>
    2: 
    3: <% @articles.each do |article| %> 
    4: 
    5:   <h3><%= link_to article.title, article %></h3>
    6:   <p><%= article.body %></p>
  app/views/articles/index.html.erb:3:in `_app_views_articles_index_html_erb___2659943880122192332_70097009707840'


  Rendered /Users/danielweiner/.rvm/gems/ruby-2.2.1/gems/actionpack-4.2.1/lib/action_dispatch/middleware/templates/rescues/_source.erb (12.1ms)
  Rendered /Users/danielweiner/.rvm/gems/ruby-2.2.1/gems/actionpack-4.2.1/lib/action_dispatch/middleware/templates/rescues/_trace.html.erb (3.0ms)
  Rendered /Users/danielweiner/.rvm/gems/ruby-2.2.1/gems/actionpack-4.2.1/lib/action_dispatch/middleware/templates/rescues/_request_and_response.html.erb (1.2ms)
  Rendered /Users/danielweiner/.rvm/gems/ruby-2.2.1/gems/actionpack-4.2.1/lib/action_dispatch/middleware/templates/rescues/template_error.html.erb within rescues/layout (83.7ms)
  Rendered /Users/danielweiner/.rvm/gems/ruby-2.2.1/gems/web-console-2.3.0/lib/web_console/templates/_markup.html.erb (0.9ms)
  Rendered /Users/danielweiner/.rvm/gems/ruby-2.2.1/gems/web-console-2.3.0/lib/web_console/templates/_inner_console_markup.html.erb within layouts/inlined_string (0.6ms)
  Rendered /Users/danielweiner/.rvm/gems/ruby-2.2.1/gems/web-console-2.3.0/lib/web_console/templates/_prompt_box_markup.html.erb within layouts/inlined_string (0.4ms)
  Rendered /Users/danielweiner/.rvm/gems/ruby-2.2.1/gems/web-console-2.3.0/lib/web_console/templates/style.css.erb within layouts/inlined_string (0.5ms)
  Rendered /Users/danielweiner/.rvm/gems/ruby-2.2.1/gems/web-console-2.3.0/lib/web_console/templates/console.js.erb within layouts/javascript (106.9ms)
  Rendered /Users/danielweiner/.rvm/gems/ruby-2.2.1/gems/web-console-2.3.0/lib/web_console/templates/main.js.erb within layouts/javascript (0.3ms)
  Rendered /Users/danielweiner/.rvm/gems/ruby-2.2.1/gems/web-console-2.3.0/lib/web_console/templates/error_page.js.erb within layouts/javascript (0.7ms)
  Rendered /Users/danielweiner/.rvm/gems/ruby-2.2.1/gems/web-console-2.3.0/lib/web_console/templates/index.html.erb (220.7ms)


Started GET "/articles" for ::1 at 2016-03-06 09:59:58 -0500
Processing by ArticlesController#index as HTML
  Rendered articles/index.html.erb within layouts/application (0.5ms)
Completed 200 OK in 1723ms (Views: 1722.2ms | ActiveRecord: 0.0ms)


Started GET "/assets/jquery_ujs.self-d602bdfe68ffc63b9f9cc512872aa3cfff046228a0a36e90dd476e8ef54c1b09.js?body=1" for ::1 at 2016-03-06 10:00:00 -0500


Started GET "/assets/jquery.self-c64a74367bda6ef8b860f19e74df08927ca99d2be2ac934e9e92d5fd361e0da4.js?body=1" for ::1 at 2016-03-06 10:00:00 -0500


Started GET "/assets/articles.self-877aef30ae1b040ab8a3aba4e3e309a11d7f2612f44dde450b5c157aa5f95c05.js?body=1" for ::1 at 2016-03-06 10:00:00 -0500


Started GET "/assets/application.self-e80e8f2318043e8af94dddc2adad5a4f09739a8ebb323b3ab31cd71d45fd9113.css?body=1" for ::1 at 2016-03-06 10:00:00 -0500


Started GET "/assets/application.self-3b8dabdc891efe46b9a144b400ad69e37d7e5876bdc39dee783419a69d7ca819.js?body=1" for ::1 at 2016-03-06 10:00:00 -0500


Started GET "/assets/turbolinks.self-c37727e9bd6b2735da5c311aa83fead54ed0be6cc8bd9a65309e9c5abe2cbfff.js?body=1" for ::1 at 2016-03-06 10:00:00 -0500


Started GET "/assets/articles.self-e3b0c44298fc1c149afbf4c8996fb92427ae41e4649b934ca495991b7852b855.css?body=1" for ::1 at 2016-03-06 10:00:00 -0500
  [1m[36mArticle Load (7.4ms)[0m  [1mSELECT "articles".* FROM "articles"[0m


Started GET "/articles" for ::1 at 2016-03-06 10:01:56 -0500
Processing by ArticlesController#index as HTML
  [1m[35mArticle Load (2.6ms)[0m  SELECT "articles".* FROM "articles"
  Rendered articles/index.html.erb within layouts/application (22.7ms)
Completed 200 OK in 89ms (Views: 76.5ms | ActiveRecord: 3.3ms)


Started GET "/assets/articles.self-e3b0c44298fc1c149afbf4c8996fb92427ae41e4649b934ca495991b7852b855.css?body=1" for ::1 at 2016-03-06 10:01:56 -0500


Started GET "/assets/jquery_ujs.self-d602bdfe68ffc63b9f9cc512872aa3cfff046228a0a36e90dd476e8ef54c1b09.js?body=1" for ::1 at 2016-03-06 10:01:56 -0500


Started GET "/assets/jquery.self-c64a74367bda6ef8b860f19e74df08927ca99d2be2ac934e9e92d5fd361e0da4.js?body=1" for ::1 at 2016-03-06 10:01:56 -0500


Started GET "/assets/application.self-e80e8f2318043e8af94dddc2adad5a4f09739a8ebb323b3ab31cd71d45fd9113.css?body=1" for ::1 at 2016-03-06 10:01:56 -0500


Started GET "/assets/turbolinks.self-c37727e9bd6b2735da5c311aa83fead54ed0be6cc8bd9a65309e9c5abe2cbfff.js?body=1" for ::1 at 2016-03-06 10:01:56 -0500


Started GET "/assets/articles.self-877aef30ae1b040ab8a3aba4e3e309a11d7f2612f44dde450b5c157aa5f95c05.js?body=1" for ::1 at 2016-03-06 10:01:56 -0500


Started GET "/assets/application.self-3b8dabdc891efe46b9a144b400ad69e37d7e5876bdc39dee783419a69d7ca819.js?body=1" for ::1 at 2016-03-06 10:01:56 -0500


Started GET "/articles" for ::1 at 2016-03-06 10:09:37 -0500
Processing by ArticlesController#index as HTML
  [1m[36mArticle Load (2.8ms)[0m  [1mSELECT "articles".* FROM "articles"[0m
  Rendered articles/index.html.erb within layouts/application (60.3ms)
Completed 200 OK in 149ms (Views: 134.2ms | ActiveRecord: 3.8ms)


Started GET "/assets/articles.self-877aef30ae1b040ab8a3aba4e3e309a11d7f2612f44dde450b5c157aa5f95c05.js?body=1" for ::1 at 2016-03-06 10:09:37 -0500


Started GET "/assets/turbolinks.self-c37727e9bd6b2735da5c311aa83fead54ed0be6cc8bd9a65309e9c5abe2cbfff.js?body=1" for ::1 at 2016-03-06 10:09:37 -0500


Started GET "/assets/jquery.self-c64a74367bda6ef8b860f19e74df08927ca99d2be2ac934e9e92d5fd361e0da4.js?body=1" for ::1 at 2016-03-06 10:09:37 -0500


Started GET "/assets/application.self-e80e8f2318043e8af94dddc2adad5a4f09739a8ebb323b3ab31cd71d45fd9113.css?body=1" for ::1 at 2016-03-06 10:09:37 -0500


Started GET "/assets/jquery_ujs.self-d602bdfe68ffc63b9f9cc512872aa3cfff046228a0a36e90dd476e8ef54c1b09.js?body=1" for ::1 at 2016-03-06 10:09:37 -0500


Started GET "/assets/articles.self-e3b0c44298fc1c149afbf4c8996fb92427ae41e4649b934ca495991b7852b855.css?body=1" for ::1 at 2016-03-06 10:09:37 -0500


Started GET "/assets/application.self-3b8dabdc891efe46b9a144b400ad69e37d7e5876bdc39dee783419a69d7ca819.js?body=1" for ::1 at 2016-03-06 10:09:37 -0500


Started GET "/articles/new" for ::1 at 2016-03-06 10:09:41 -0500
Processing by ArticlesController#new as HTML
  Rendered articles/new.html.erb within layouts/application (58.7ms)
Completed 200 OK in 96ms (Views: 94.0ms | ActiveRecord: 0.0ms)


Started POST "/articles" for ::1 at 2016-03-06 10:09:56 -0500
Processing by ArticlesController#create as HTML
  Parameters: {"utf8"=>"✓", "authenticity_token"=>"lx2jTrNh24/1zhEPkbX/ldDvsDbfgKwSL/GVjNv2SxkFLTnDeIQXymcXYK4yUwxkDkemJkShSrUZrYXwt0PEyQ==", "article"=>{"title"=>"test article", "body"=>"This is a test"}, "commit"=>"Create"}
Completed 500 Internal Server Error in 6ms (ActiveRecord: 0.0ms)

NameError (undefined local variable or method `article_params' for #<ArticlesController:0x007f81776f9e88>):
  app/controllers/articles_controller.rb:11:in `create'


  Rendered /Users/danielweiner/.rvm/gems/ruby-2.2.1/gems/actionpack-4.2.1/lib/action_dispatch/middleware/templates/rescues/_source.erb (5.3ms)
  Rendered /Users/danielweiner/.rvm/gems/ruby-2.2.1/gems/actionpack-4.2.1/lib/action_dispatch/middleware/templates/rescues/_trace.html.erb (2.3ms)
  Rendered /Users/danielweiner/.rvm/gems/ruby-2.2.1/gems/actionpack-4.2.1/lib/action_dispatch/middleware/templates/rescues/_request_and_response.html.erb (1.1ms)
  Rendered /Users/danielweiner/.rvm/gems/ruby-2.2.1/gems/actionpack-4.2.1/lib/action_dispatch/middleware/templates/rescues/diagnostics.html.erb within rescues/layout (88.0ms)
  Rendered /Users/danielweiner/.rvm/gems/ruby-2.2.1/gems/web-console-2.3.0/lib/web_console/templates/_markup.html.erb (0.5ms)
  Rendered /Users/danielweiner/.rvm/gems/ruby-2.2.1/gems/web-console-2.3.0/lib/web_console/templates/_inner_console_markup.html.erb within layouts/inlined_string (0.5ms)
  Rendered /Users/danielweiner/.rvm/gems/ruby-2.2.1/gems/web-console-2.3.0/lib/web_console/templates/_prompt_box_markup.html.erb within layouts/inlined_string (0.4ms)
  Rendered /Users/danielweiner/.rvm/gems/ruby-2.2.1/gems/web-console-2.3.0/lib/web_console/templates/style.css.erb within layouts/inlined_string (0.5ms)
  Rendered /Users/danielweiner/.rvm/gems/ruby-2.2.1/gems/web-console-2.3.0/lib/web_console/templates/console.js.erb within layouts/javascript (63.9ms)
  Rendered /Users/danielweiner/.rvm/gems/ruby-2.2.1/gems/web-console-2.3.0/lib/web_console/templates/main.js.erb within layouts/javascript (0.4ms)
  Rendered /Users/danielweiner/.rvm/gems/ruby-2.2.1/gems/web-console-2.3.0/lib/web_console/templates/error_page.js.erb within layouts/javascript (0.5ms)
  Rendered /Users/danielweiner/.rvm/gems/ruby-2.2.1/gems/web-console-2.3.0/lib/web_console/templates/index.html.erb (136.2ms)


Started POST "/articles" for ::1 at 2016-03-06 10:10:19 -0500
Processing by ArticlesController#create as HTML
  Parameters: {"utf8"=>"✓", "authenticity_token"=>"lx2jTrNh24/1zhEPkbX/ldDvsDbfgKwSL/GVjNv2SxkFLTnDeIQXymcXYK4yUwxkDkemJkShSrUZrYXwt0PEyQ==", "article"=>{"title"=>"test article", "body"=>"This is a test"}, "commit"=>"Create"}
  [1m[35m (0.1ms)[0m  begin transaction
  [1m[36mSQL (2.7ms)[0m  [1mINSERT INTO "articles" ("title", "body", "created_at", "updated_at") VALUES (?, ?, ?, ?)[0m  [["title", "test article"], ["body", "This is a test"], ["created_at", "2016-03-06 15:10:19.770821"], ["updated_at", "2016-03-06 15:10:19.770821"]]
  [1m[35m (2.8ms)[0m  commit transaction
Redirected to http://localhost:3000/articles
Completed 302 Found in 30ms (ActiveRecord: 6.0ms)


Started GET "/articles" for ::1 at 2016-03-06 10:10:19 -0500
Processing by ArticlesController#index as HTML
  [1m[36mArticle Load (0.2ms)[0m  [1mSELECT "articles".* FROM "articles"[0m
  Rendered articles/index.html.erb within layouts/application (2.1ms)
Completed 200 OK in 53ms (Views: 52.4ms | ActiveRecord: 0.2ms)


Started GET "/assets/articles.self-e3b0c44298fc1c149afbf4c8996fb92427ae41e4649b934ca495991b7852b855.css?body=1" for ::1 at 2016-03-06 10:10:19 -0500


Started GET "/assets/jquery.self-c64a74367bda6ef8b860f19e74df08927ca99d2be2ac934e9e92d5fd361e0da4.js?body=1" for ::1 at 2016-03-06 10:10:19 -0500


Started GET "/assets/articles.self-877aef30ae1b040ab8a3aba4e3e309a11d7f2612f44dde450b5c157aa5f95c05.js?body=1" for ::1 at 2016-03-06 10:10:19 -0500


Started GET "/assets/application.self-e80e8f2318043e8af94dddc2adad5a4f09739a8ebb323b3ab31cd71d45fd9113.css?body=1" for ::1 at 2016-03-06 10:10:19 -0500


Started GET "/assets/jquery_ujs.self-d602bdfe68ffc63b9f9cc512872aa3cfff046228a0a36e90dd476e8ef54c1b09.js?body=1" for ::1 at 2016-03-06 10:10:19 -0500


Started GET "/assets/turbolinks.self-c37727e9bd6b2735da5c311aa83fead54ed0be6cc8bd9a65309e9c5abe2cbfff.js?body=1" for ::1 at 2016-03-06 10:10:19 -0500


Started GET "/assets/application.self-3b8dabdc891efe46b9a144b400ad69e37d7e5876bdc39dee783419a69d7ca819.js?body=1" for ::1 at 2016-03-06 10:10:19 -0500


Started GET "/articles/new" for ::1 at 2016-03-06 10:10:24 -0500
Processing by ArticlesController#new as HTML
  Rendered articles/new.html.erb within layouts/application (1.3ms)
Completed 200 OK in 23ms (Views: 21.8ms | ActiveRecord: 0.0ms)


Started POST "/articles" for ::1 at 2016-03-06 10:10:35 -0500
Processing by ArticlesController#create as HTML
  Parameters: {"utf8"=>"✓", "authenticity_token"=>"dOAbu7yw7HVC3YpLx+m/zVkNYnWvtYMVxC+Bb1xuE0Dm0IE2d1UgMNAE++pkD0w8h6V0ZTSUZbLyc5ETMNuckA==", "article"=>{"title"=>"test article 2", "body"=>"This is another test article"}, "commit"=>"Create"}
  [1m[35m (0.1ms)[0m  begin transaction
  [1m[36mSQL (0.2ms)[0m  [1mINSERT INTO "articles" ("title", "body", "created_at", "updated_at") VALUES (?, ?, ?, ?)[0m  [["title", "test article 2"], ["body", "This is another test article"], ["created_at", "2016-03-06 15:10:35.275527"], ["updated_at", "2016-03-06 15:10:35.275527"]]
  [1m[35m (2.5ms)[0m  commit transaction
Redirected to http://localhost:3000/articles
Completed 302 Found in 6ms (ActiveRecord: 2.8ms)


Started GET "/articles" for ::1 at 2016-03-06 10:10:35 -0500
Processing by ArticlesController#index as HTML
  [1m[36mArticle Load (0.2ms)[0m  [1mSELECT "articles".* FROM "articles"[0m
  Rendered articles/index.html.erb within layouts/application (1.6ms)
Completed 200 OK in 16ms (Views: 15.5ms | ActiveRecord: 0.2ms)


Started GET "/articles/new" for ::1 at 2016-03-06 10:11:16 -0500
Processing by ArticlesController#new as HTML
  Rendered articles/new.html.erb within layouts/application (1.9ms)
Completed 200 OK in 22ms (Views: 21.6ms | ActiveRecord: 0.0ms)


Started POST "/articles" for ::1 at 2016-03-06 10:11:18 -0500
Processing by ArticlesController#create as HTML
  Parameters: {"utf8"=>"✓", "authenticity_token"=>"kmoAITgNrIkavVKKaAKHk3RjbrMzp2btZBss1fIGZfQAWpqs8+hgzIhkIyvL5HRiqst4o6iGgEpSRzypnrPqJA==", "article"=>{"title"=>"", "body"=>""}, "commit"=>"Create"}
  [1m[35m (0.1ms)[0m  begin transaction
  [1m[36mSQL (0.5ms)[0m  [1mINSERT INTO "articles" ("title", "body", "created_at", "updated_at") VALUES (?, ?, ?, ?)[0m  [["title", ""], ["body", ""], ["created_at", "2016-03-06 15:11:18.927497"], ["updated_at", "2016-03-06 15:11:18.927497"]]
  [1m[35m (2.4ms)[0m  commit transaction
Redirected to http://localhost:3000/articles
Completed 302 Found in 7ms (ActiveRecord: 3.0ms)


Started GET "/articles" for ::1 at 2016-03-06 10:11:18 -0500
Processing by ArticlesController#index as HTML
  [1m[36mArticle Load (0.2ms)[0m  [1mSELECT "articles".* FROM "articles"[0m
  Rendered articles/index.html.erb within layouts/application (1.9ms)
Completed 200 OK in 20ms (Views: 19.0ms | ActiveRecord: 0.2ms)
